
＝＝＝＝＝＝＝＝＝＝
【日志级别】：INFO 
【记录时间】：2021-03-27 18:35:43,654 [14]
【信息详情】：GitHub地址访问成功

＝＝＝＝＝＝＝＝＝＝
【日志级别】：INFO 
【记录时间】：2021-03-27 18:35:43,722 [14]
【信息详情】：初始化更新数据库开始

＝＝＝＝＝＝＝＝＝＝
【日志级别】：INFO 
【记录时间】：2021-03-27 18:35:45,278 [14]
【信息详情】：初始化更新数据库成功

＝＝＝＝＝＝＝＝＝＝
【日志级别】：INFO 
【记录时间】：2021-03-27 18:35:58,861 [14]
【信息详情】：左右切换更新数据库开始

＝＝＝＝＝＝＝＝＝＝
【日志级别】：INFO 
【记录时间】：2021-03-27 18:35:59,328 [14]
【信息详情】：左右切换更新数据库成功

＝＝＝＝＝＝＝＝＝＝
【日志级别】：INFO 
【记录时间】：2021-03-27 18:36:02,722 [16]
【信息详情】：GitHub地址访问成功

＝＝＝＝＝＝＝＝＝＝
【日志级别】：INFO 
【记录时间】：2021-03-27 18:36:42,145 [18]
【信息详情】：GitHub地址访问成功

＝＝＝＝＝＝＝＝＝＝
【日志级别】：INFO 
【记录时间】：2021-03-27 18:38:38,417 [4]
【信息详情】：GitHub地址访问成功

＝＝＝＝＝＝＝＝＝＝
【日志级别】：INFO 
【记录时间】：2021-03-27 18:40:19,114 [4]
【信息详情】：GitHub地址访问成功

＝＝＝＝＝＝＝＝＝＝
【日志级别】：INFO 
【记录时间】：2021-03-27 18:40:40,632 [4]
【信息详情】：左右切换更新数据库开始

＝＝＝＝＝＝＝＝＝＝
【日志级别】：INFO 
【记录时间】：2021-03-27 18:40:41,348 [4]
【信息详情】：左右切换更新数据库成功

＝＝＝＝＝＝＝＝＝＝
【日志级别】：INFO 
【记录时间】：2021-03-27 18:40:46,473 [6]
【信息详情】：GitHub地址访问成功

＝＝＝＝＝＝＝＝＝＝
【日志级别】：INFO 
【记录时间】：2021-03-27 18:42:56,463 [7]
【信息详情】：GitHub地址访问失败

＝＝＝＝＝＝＝＝＝＝
【日志级别】：INFO 
【记录时间】：2021-03-27 18:42:59,293 [13]
【信息详情】：GitHub地址访问成功

＝＝＝＝＝＝＝＝＝＝
【日志级别】：INFO 
【记录时间】：2021-03-27 18:43:48,253 [7]
【信息详情】：左右切换更新数据库开始

＝＝＝＝＝＝＝＝＝＝
【日志级别】：INFO 
【记录时间】：2021-03-27 18:43:48,866 [7]
【信息详情】：左右切换更新数据库成功

＝＝＝＝＝＝＝＝＝＝
【日志级别】：INFO 
【记录时间】：2021-03-27 18:43:57,678 [20]
【信息详情】：GitHub地址访问成功

＝＝＝＝＝＝＝＝＝＝
【日志级别】：INFO 
【记录时间】：2021-03-27 18:44:10,028 [22]
【信息详情】：左右切换更新数据库开始

＝＝＝＝＝＝＝＝＝＝
【日志级别】：INFO 
【记录时间】：2021-03-27 18:44:10,368 [22]
【信息详情】：左右切换更新数据库成功

＝＝＝＝＝＝＝＝＝＝
【日志级别】：INFO 
【记录时间】：2021-03-27 18:44:12,552 [7]
【信息详情】：左右切换更新数据库开始

＝＝＝＝＝＝＝＝＝＝
【日志级别】：INFO 
【记录时间】：2021-03-27 18:44:12,914 [7]
【信息详情】：左右切换更新数据库成功

＝＝＝＝＝＝＝＝＝＝
【日志级别】：INFO 
【记录时间】：2021-03-27 18:44:13,764 [25]
【信息详情】：左右切换更新数据库开始

＝＝＝＝＝＝＝＝＝＝
【日志级别】：INFO 
【记录时间】：2021-03-27 18:44:14,143 [25]
【信息详情】：左右切换更新数据库成功

＝＝＝＝＝＝＝＝＝＝
【日志级别】：INFO 
【记录时间】：2021-03-27 18:44:15,115 [7]
【信息详情】：左右切换更新数据库开始

＝＝＝＝＝＝＝＝＝＝
【日志级别】：INFO 
【记录时间】：2021-03-27 18:44:15,494 [7]
【信息详情】：左右切换更新数据库成功

＝＝＝＝＝＝＝＝＝＝
【日志级别】：INFO 
【记录时间】：2021-03-27 18:44:17,507 [25]
【信息详情】：左右切换更新数据库开始

＝＝＝＝＝＝＝＝＝＝
【日志级别】：INFO 
【记录时间】：2021-03-27 18:44:17,903 [25]
【信息详情】：左右切换更新数据库成功

＝＝＝＝＝＝＝＝＝＝
【日志级别】：INFO 
【记录时间】：2021-03-27 18:44:21,369 [7]
【信息详情】：左右切换更新数据库开始

＝＝＝＝＝＝＝＝＝＝
【日志级别】：INFO 
【记录时间】：2021-03-27 18:44:21,734 [7]
【信息详情】：左右切换更新数据库成功

＝＝＝＝＝＝＝＝＝＝
【日志级别】：INFO 
【记录时间】：2021-03-27 18:44:27,254 [7]
【信息详情】：GitHub地址访问成功

＝＝＝＝＝＝＝＝＝＝
【日志级别】：INFO 
【记录时间】：2021-03-27 18:44:36,471 [25]
【信息详情】：GitHub地址访问成功

＝＝＝＝＝＝＝＝＝＝
【日志级别】：INFO 
【记录时间】：2021-03-27 18:44:36,476 [25]
【信息详情】：初始化更新数据库开始

＝＝＝＝＝＝＝＝＝＝
【日志级别】：INFO 
【记录时间】：2021-03-27 18:44:36,845 [25]
【信息详情】：初始化更新数据库成功

＝＝＝＝＝＝＝＝＝＝
【日志级别】：INFO 
【记录时间】：2021-03-27 18:48:44,743 [30]
【信息详情】：GitHub地址访问成功

＝＝＝＝＝＝＝＝＝＝
【日志级别】：INFO 
【记录时间】：2021-03-27 18:48:44,755 [30]
【信息详情】：初始化更新数据库开始

＝＝＝＝＝＝＝＝＝＝
【日志级别】：INFO 
【记录时间】：2021-03-27 18:48:45,482 [30]
【信息详情】：初始化更新数据库成功

＝＝＝＝＝＝＝＝＝＝
【日志级别】：INFO 
【记录时间】：2021-03-27 18:48:46,863 [30]
【信息详情】：左右切换更新数据库开始

＝＝＝＝＝＝＝＝＝＝
【日志级别】：INFO 
【记录时间】：2021-03-27 18:48:47,328 [30]
【信息详情】：左右切换更新数据库成功
